<?xml version="1.0" encoding="UTF-8"?>
<!-- Generated by org.testng.reporters.JUnitReportReporter -->
<testsuite skipped="0" hostname="KrithvikRamdutya" name="com.lambdatest.testscenarios.SeleniumAdv_TestScenario" tests="2" failures="0" timestamp="2024-06-24T23:19:17 IST" time="92.701" errors="0">
  <testcase name="TestScenario1" time="45.057" classname="com.lambdatest.testscenarios.SeleniumAdv_TestScenario"/>
  <system-out/>
  <testcase name="TestScenario1" time="47.644" classname="com.lambdatest.testscenarios.SeleniumAdv_TestScenario"/>
  <system-out/>
</testsuite> <!-- com.lambdatest.testscenarios.SeleniumAdv_TestScenario -->
